<?xml version="1.0" encoding="UTF-8"?>
<!-- Generated by org.testng.reporters.JUnitReportReporter -->
<testsuite skipped="0" hostname="41362jnbpbb284l" name="www.tut.co.za.UserLogin" tests="1" failures="0" timestamp="29 Oct 2019 09:20:15 GMT" time="128.023" errors="0">
  <testcase name="userlogin" time="128.023" classname="www.tut.co.za.UserLogin"/>
</testsuite> <!-- www.tut.co.za.UserLogin -->
