<?xml version="1.0" encoding="UTF-8"?>
<!-- Generated by org.testng.reporters.JUnitReportReporter -->
<testsuite skipped="0" hostname="41362jnbpbb284l" name="www.ilab.test.DataDriven" tests="9" failures="0" timestamp="30 Oct 2019 07:40:55 GMT" time="0.061" errors="0">
  <testcase name="display" time="0.014" classname="www.ilab.test.DataDriven"/>
  <testcase name="display" time="0.002" classname="www.ilab.test.DataDriven"/>
  <testcase name="display" time="0.002" classname="www.ilab.test.DataDriven"/>
  <testcase name="display" time="0.017" classname="www.ilab.test.DataDriven"/>
  <testcase name="display" time="0.003" classname="www.ilab.test.DataDriven"/>
  <testcase name="display" time="0.002" classname="www.ilab.test.DataDriven"/>
  <testcase name="display" time="0.017" classname="www.ilab.test.DataDriven"/>
  <testcase name="display" time="0.003" classname="www.ilab.test.DataDriven"/>
  <testcase name="display" time="0.001" classname="www.ilab.test.DataDriven"/>
</testsuite> <!-- www.ilab.test.DataDriven -->
