<?xml version="1.0" encoding="UTF-8"?>
<!-- Generated by org.testng.reporters.JUnitReportReporter -->
<testsuite skipped="0" hostname="41362jnbpbb284l" name="www.tut.co.za.FirstRun" tests="1" failures="0" timestamp="14 Oct 2019 11:11:53 GMT" time="7.841" errors="0">
  <testcase name="userlogin" time="7.841" classname="www.tut.co.za.FirstRun"/>
</testsuite> <!-- www.tut.co.za.FirstRun -->
